mode: atomic
github.com/markussiebert/cdk-sops-secrets/main.go:52.73,59.16 4 12
github.com/markussiebert/cdk-sops-secrets/main.go:62.2,63.25 2 12
github.com/markussiebert/cdk-sops-secrets/main.go:59.16,61.3 1 0
github.com/markussiebert/cdk-sops-secrets/main.go:66.85,69.16 3 21
github.com/markussiebert/cdk-sops-secrets/main.go:72.2,73.18 2 21
github.com/markussiebert/cdk-sops-secrets/main.go:69.16,71.3 1 0
github.com/markussiebert/cdk-sops-secrets/main.go:76.139,84.22 4 21
github.com/markussiebert/cdk-sops-secrets/main.go:87.2,90.24 4 21
github.com/markussiebert/cdk-sops-secrets/main.go:84.22,86.3 1 0
github.com/markussiebert/cdk-sops-secrets/main.go:93.54,96.2 2 41
github.com/markussiebert/cdk-sops-secrets/main.go:98.145,103.86 1 21
github.com/markussiebert/cdk-sops-secrets/main.go:103.86,108.17 2 20
github.com/markussiebert/cdk-sops-secrets/main.go:112.3,113.80 2 20
github.com/markussiebert/cdk-sops-secrets/main.go:117.3,126.33 6 20
github.com/markussiebert/cdk-sops-secrets/main.go:139.3,139.35 1 20
github.com/markussiebert/cdk-sops-secrets/main.go:147.3,147.30 1 20
github.com/markussiebert/cdk-sops-secrets/main.go:150.3,150.21 1 20
github.com/markussiebert/cdk-sops-secrets/main.go:154.3,155.17 2 20
github.com/markussiebert/cdk-sops-secrets/main.go:159.3,160.36 2 20
github.com/markussiebert/cdk-sops-secrets/main.go:179.3,179.39 1 20
github.com/markussiebert/cdk-sops-secrets/main.go:182.3,183.17 2 20
github.com/markussiebert/cdk-sops-secrets/main.go:187.3,189.32 2 20
github.com/markussiebert/cdk-sops-secrets/main.go:200.3,200.47 1 20
github.com/markussiebert/cdk-sops-secrets/main.go:203.3,204.17 2 20
github.com/markussiebert/cdk-sops-secrets/main.go:207.3,207.40 1 20
github.com/markussiebert/cdk-sops-secrets/main.go:214.3,214.45 1 20
github.com/markussiebert/cdk-sops-secrets/main.go:217.3,218.17 2 20
github.com/markussiebert/cdk-sops-secrets/main.go:221.3,221.76 1 20
github.com/markussiebert/cdk-sops-secrets/main.go:233.3,234.17 2 20
github.com/markussiebert/cdk-sops-secrets/main.go:238.3,245.48 6 20
github.com/markussiebert/cdk-sops-secrets/main.go:108.17,110.4 1 0
github.com/markussiebert/cdk-sops-secrets/main.go:113.80,115.4 1 0
github.com/markussiebert/cdk-sops-secrets/main.go:126.33,133.18 7 11
github.com/markussiebert/cdk-sops-secrets/main.go:133.18,135.5 1 0
github.com/markussiebert/cdk-sops-secrets/main.go:139.35,142.18 3 9
github.com/markussiebert/cdk-sops-secrets/main.go:142.18,144.5 1 0
github.com/markussiebert/cdk-sops-secrets/main.go:147.30,149.4 1 0
github.com/markussiebert/cdk-sops-secrets/main.go:150.21,152.4 1 0
github.com/markussiebert/cdk-sops-secrets/main.go:155.17,157.4 1 0
github.com/markussiebert/cdk-sops-secrets/main.go:161.15,162.4 1 8
github.com/markussiebert/cdk-sops-secrets/main.go:168.15,169.4 1 12
github.com/markussiebert/cdk-sops-secrets/main.go:175.11,176.97 1 0
github.com/markussiebert/cdk-sops-secrets/main.go:162.4,164.19 2 8
github.com/markussiebert/cdk-sops-secrets/main.go:164.19,166.6 1 0
github.com/markussiebert/cdk-sops-secrets/main.go:169.4,171.19 2 12
github.com/markussiebert/cdk-sops-secrets/main.go:171.19,173.6 1 0
github.com/markussiebert/cdk-sops-secrets/main.go:179.39,181.4 1 6
github.com/markussiebert/cdk-sops-secrets/main.go:183.17,185.4 1 0
github.com/markussiebert/cdk-sops-secrets/main.go:189.32,192.18 3 12
github.com/markussiebert/cdk-sops-secrets/main.go:195.4,195.39 1 12
github.com/markussiebert/cdk-sops-secrets/main.go:192.18,194.5 1 0
github.com/markussiebert/cdk-sops-secrets/main.go:196.9,198.4 1 8
github.com/markussiebert/cdk-sops-secrets/main.go:200.47,202.4 1 0
github.com/markussiebert/cdk-sops-secrets/main.go:204.17,206.4 1 0
github.com/markussiebert/cdk-sops-secrets/main.go:207.40,209.18 2 2
github.com/markussiebert/cdk-sops-secrets/main.go:209.18,211.5 1 0
github.com/markussiebert/cdk-sops-secrets/main.go:214.45,216.4 1 8
github.com/markussiebert/cdk-sops-secrets/main.go:218.17,220.4 1 0
github.com/markussiebert/cdk-sops-secrets/main.go:221.76,223.18 2 14
github.com/markussiebert/cdk-sops-secrets/main.go:223.18,225.5 1 0
github.com/markussiebert/cdk-sops-secrets/main.go:226.9,226.49 1 6
github.com/markussiebert/cdk-sops-secrets/main.go:226.49,228.18 2 6
github.com/markussiebert/cdk-sops-secrets/main.go:228.18,230.5 1 0
github.com/markussiebert/cdk-sops-secrets/main.go:234.17,236.4 1 0
github.com/markussiebert/cdk-sops-secrets/main.go:246.8,246.51 1 1
github.com/markussiebert/cdk-sops-secrets/main.go:246.51,248.3 1 1
github.com/markussiebert/cdk-sops-secrets/main.go:248.8,251.3 1 0
github.com/markussiebert/cdk-sops-secrets/main.go:254.126,263.2 3 0
github.com/markussiebert/cdk-sops-secrets/main.go:265.13,267.2 1 0
github.com/markussiebert/cdk-sops-secrets/main.go:269.47,272.16 3 2
github.com/markussiebert/cdk-sops-secrets/main.go:275.2,275.17 1 2
github.com/markussiebert/cdk-sops-secrets/main.go:272.16,274.3 1 0
github.com/markussiebert/cdk-sops-secrets/main.go:278.47,281.16 3 4
github.com/markussiebert/cdk-sops-secrets/main.go:284.2,284.17 1 4
github.com/markussiebert/cdk-sops-secrets/main.go:281.16,283.3 1 0
github.com/markussiebert/cdk-sops-secrets/main.go:287.37,289.16 2 16
github.com/markussiebert/cdk-sops-secrets/main.go:292.2,292.17 1 16
github.com/markussiebert/cdk-sops-secrets/main.go:289.16,291.3 1 0
github.com/markussiebert/cdk-sops-secrets/main.go:295.37,297.16 2 8
github.com/markussiebert/cdk-sops-secrets/main.go:300.2,300.17 1 8
github.com/markussiebert/cdk-sops-secrets/main.go:297.16,299.3 1 0
github.com/markussiebert/cdk-sops-secrets/main.go:303.62,304.31 1 44
github.com/markussiebert/cdk-sops-secrets/main.go:305.30,306.3 1 22
github.com/markussiebert/cdk-sops-secrets/main.go:321.21,322.3 1 4
github.com/markussiebert/cdk-sops-secrets/main.go:337.10,338.3 1 18
github.com/markussiebert/cdk-sops-secrets/main.go:306.3,308.28 2 22
github.com/markussiebert/cdk-sops-secrets/main.go:319.4,319.26 1 22
github.com/markussiebert/cdk-sops-secrets/main.go:308.28,310.19 2 28
github.com/markussiebert/cdk-sops-secrets/main.go:313.5,313.22 1 28
github.com/markussiebert/cdk-sops-secrets/main.go:310.19,312.6 1 0
github.com/markussiebert/cdk-sops-secrets/main.go:313.22,315.6 1 14
github.com/markussiebert/cdk-sops-secrets/main.go:315.11,317.6 1 14
github.com/markussiebert/cdk-sops-secrets/main.go:322.3,324.28 2 4
github.com/markussiebert/cdk-sops-secrets/main.go:335.4,335.26 1 4
github.com/markussiebert/cdk-sops-secrets/main.go:324.28,326.19 2 14
github.com/markussiebert/cdk-sops-secrets/main.go:329.5,329.22 1 14
github.com/markussiebert/cdk-sops-secrets/main.go:326.19,328.6 1 0
github.com/markussiebert/cdk-sops-secrets/main.go:329.22,331.6 1 10
github.com/markussiebert/cdk-sops-secrets/main.go:331.11,333.6 1 4
github.com/markussiebert/cdk-sops-secrets/main.go:338.3,340.4 1 18
github.com/markussiebert/cdk-sops-secrets/main.go:344.80,346.31 1 182
github.com/markussiebert/cdk-sops-secrets/main.go:374.2,374.12 1 182
github.com/markussiebert/cdk-sops-secrets/main.go:347.30,348.3 1 84
github.com/markussiebert/cdk-sops-secrets/main.go:358.21,359.3 1 14
github.com/markussiebert/cdk-sops-secrets/main.go:368.10,369.3 1 84
github.com/markussiebert/cdk-sops-secrets/main.go:348.3,349.28 1 84
github.com/markussiebert/cdk-sops-secrets/main.go:349.28,350.24 1 119
github.com/markussiebert/cdk-sops-secrets/main.go:350.24,352.6 1 35
github.com/markussiebert/cdk-sops-secrets/main.go:352.11,354.6 1 84
github.com/markussiebert/cdk-sops-secrets/main.go:359.3,360.28 1 14
github.com/markussiebert/cdk-sops-secrets/main.go:360.28,361.24 1 49
github.com/markussiebert/cdk-sops-secrets/main.go:361.24,363.6 1 0
github.com/markussiebert/cdk-sops-secrets/main.go:363.11,365.6 1 49
github.com/markussiebert/cdk-sops-secrets/main.go:369.3,371.4 1 84
github.com/markussiebert/cdk-sops-secrets/main.go:377.101,379.16 2 9
github.com/markussiebert/cdk-sops-secrets/main.go:383.2,384.79 2 9
github.com/markussiebert/cdk-sops-secrets/main.go:387.2,387.33 1 9
github.com/markussiebert/cdk-sops-secrets/main.go:379.16,381.3 1 0
github.com/markussiebert/cdk-sops-secrets/main.go:384.79,386.3 1 0
github.com/markussiebert/cdk-sops-secrets/mocks.go:22.140,34.2 4 21
github.com/markussiebert/cdk-sops-secrets/mocks.go:41.141,47.2 5 12
github.com/markussiebert/cdk-sops-secrets/testhelper.go:16.21,17.14 1 115
github.com/markussiebert/cdk-sops-secrets/testhelper.go:17.14,18.11 1 0
github.com/markussiebert/cdk-sops-secrets/testhelper.go:22.56,27.2 4 6
github.com/markussiebert/cdk-sops-secrets/testhelper.go:29.35,33.2 3 22
github.com/markussiebert/cdk-sops-secrets/testhelper.go:35.62,37.16 2 21
github.com/markussiebert/cdk-sops-secrets/testhelper.go:41.2,41.18 1 21
github.com/markussiebert/cdk-sops-secrets/testhelper.go:37.16,39.3 1 0
github.com/markussiebert/cdk-sops-secrets/testhelper.go:44.41,48.2 3 9
github.com/markussiebert/cdk-sops-secrets/testhelper.go:50.46,61.2 6 9
github.com/markussiebert/cdk-sops-secrets/testhelper.go:62.34,71.2 1 23
github.com/markussiebert/cdk-sops-secrets/testhelper.go:72.88,86.2 10 21
